1763643154289351: THREAD 1 INSERT,1874280167,Shigeru Miyamoto,85000
1763643154289598: THREAD 1 WRITE LOCK ACQUIRED
1763643154289673: THREAD 1 WRITE LOCK RELEASED
1763643154291580: THREAD 4 INSERT,3885792650,Todd Howard,79000
1763643154291924: THREAD 4 WRITE LOCK ACQUIRED
1763643154292373: THREAD 4 WRITE LOCK RELEASED
1763643154292471: THREAD 5 INSERT,1088855094,Hidetaka Miyazaki,95000
1763643154292489: THREAD 5 WRITE LOCK ACQUIRED
1763643154292652: THREAD 5 WRITE LOCK RELEASED
1763643154292701: THREAD 6 PRINT
1763643154292717: THREAD 6 READ LOCK ACQUIRED
1763643154292819: THREAD 7 SEARCH,1874280167,Shigeru Miyamoto
1763643154292841: THREAD 7 READ LOCK ACQUIRED
1763643154292853: THREAD 7 READ LOCK RELEASED
1763643154293246: THREAD 6 READ LOCK RELEASED
1763643154293946: THREAD 2 INSERT,2569965317,Hideo Kojima,92000
1763643154294052: THREAD 2 WRITE LOCK ACQUIRED
1763643154294075: THREAD 2 WRITE LOCK RELEASED
1763643154297005: THREAD 8 SEARCH,2569965317,Hideo Kojima
1763643154297081: THREAD 8 READ LOCK ACQUIRED
1763643154297093: THREAD 8 READ LOCK RELEASED
1763643154297331: THREAD 9 INSERT,1698859017,Hayao Miyazaki,105000
1763643154297353: THREAD 9 WRITE LOCK ACQUIRED
1763643154297370: THREAD 9 WRITE LOCK RELEASED
1763643154297473: THREAD 10 INSERT,1636918322,Satoshi Kon,98000
1763643154297494: THREAD 10 WRITE LOCK ACQUIRED
1763643154297507: THREAD 10 WRITE LOCK RELEASED
1763643154297607: THREAD 11 INSERT,2395623603,Makoto Shinkai,102000
1763643154297656: THREAD 11 WRITE LOCK ACQUIRED
1763643154297671: THREAD 11 WRITE LOCK RELEASED
1763643154297771: THREAD 12 PRINT
1763643154297790: THREAD 12 READ LOCK ACQUIRED
1763643154297867: THREAD 12 READ LOCK RELEASED
1763643154297941: THREAD 13 UPDATE,1874280167,Shigeru Miyamoto,90000
1763643154297960: THREAD 13 WRITE LOCK ACQUIRED
1763643154298006: THREAD 13 WRITE LOCK RELEASED
1763643154298075: THREAD 14 UPDATE,2569965317,Hideo Kojima,97000
1763643154298094: THREAD 14 WRITE LOCK ACQUIRED
1763643154298137: THREAD 14 WRITE LOCK RELEASED
1763643154299326: THREAD 15 SEARCH,1874280167,Shigeru Miyamoto
1763643154299394: THREAD 15 READ LOCK ACQUIRED
1763643154299408: THREAD 15 READ LOCK RELEASED
1763643154299582: THREAD 16 SEARCH,2569965317,Hideo Kojima
1763643154299603: THREAD 16 READ LOCK ACQUIRED
1763643154299615: THREAD 16 READ LOCK RELEASED
1763643154299745: THREAD 17 INSERT,3985384421,Cloud Strife,75000
1763643154299766: THREAD 17 WRITE LOCK ACQUIRED
1763643154299782: THREAD 17 WRITE LOCK RELEASED
1763643154300028: THREAD 3 INSERT,448054155,Gabe Newell,88000
1763643154300049: THREAD 3 WRITE LOCK ACQUIRED
1763643154300063: THREAD 3 WRITE LOCK RELEASED
1763643154300816: THREAD 18 INSERT,1962867686,Samus Aran,78000
1763643154300871: THREAD 18 WRITE LOCK ACQUIRED
1763643154300887: THREAD 18 WRITE LOCK RELEASED
1763643154303393: THREAD 19 INSERT,2984192943,Link,82000
1763643154303464: THREAD 19 WRITE LOCK ACQUIRED
1763643154303482: THREAD 19 WRITE LOCK RELEASED
1763643154307935: THREAD 20 SEARCH,3985384421,Cloud Strife
1763643154308023: THREAD 20 READ LOCK ACQUIRED
1763643154308033: THREAD 20 READ LOCK RELEASED
1763643154314401: THREAD 21 SEARCH,2984192943,Link
1763643154314551: THREAD 21 READ LOCK ACQUIRED
1763643154314564: THREAD 21 READ LOCK RELEASED
1763643154315335: THREAD 22 PRINT
1763643154315383: THREAD 22 READ LOCK ACQUIRED
1763643154316505: THREAD 22 READ LOCK RELEASED
1763643154318566: THREAD 23 DELETE,3885792650,Todd Howard
1763643154318676: THREAD 23 WRITE LOCK ACQUIRED
1763643154319048: THREAD 23 WRITE LOCK RELEASED
1763643154319872: THREAD 24 SEARCH,3885792650,Todd Howard
1763643154319934: THREAD 24 READ LOCK ACQUIRED
1763643154319946: THREAD 24 READ LOCK RELEASED
1763643154320427: THREAD 25 INSERT,1687466630,Solid Snake,80000
1763643154320456: THREAD 25 WRITE LOCK ACQUIRED
1763643154320469: THREAD 25 WRITE LOCK RELEASED
1763643154320506: THREAD 26 INSERT,74577200,Master Chief,83000
1763643154320519: THREAD 26 WRITE LOCK ACQUIRED
1763643154320531: THREAD 26 WRITE LOCK RELEASED
1763643154323154: THREAD 27 UPDATE,448054155,Gabe Newell,93000
1763643154323240: THREAD 27 WRITE LOCK ACQUIRED
1763643154323353: THREAD 27 WRITE LOCK RELEASED
1763643154325010: THREAD 28 SEARCH,448054155,Gabe Newell
1763643154325159: THREAD 28 READ LOCK ACQUIRED
1763643154325174: THREAD 28 READ LOCK RELEASED
1763643154325364: THREAD 29 INSERT,2407962485,Aerith Gainsborough,71000
1763643154325379: THREAD 29 WRITE LOCK ACQUIRED
1763643154325393: THREAD 29 WRITE LOCK RELEASED
1763643154327709: THREAD 30 INSERT,577223543,Tifa Lockhart,69000
1763643154327777: THREAD 30 WRITE LOCK ACQUIRED
1763643154327795: THREAD 30 WRITE LOCK RELEASED
1763643154329099: THREAD 31 INSERT,1944738683,Yuna,74000
1763643154329163: THREAD 31 WRITE LOCK ACQUIRED
1763643154329203: THREAD 31 WRITE LOCK RELEASED
1763643154334637: THREAD 33 SEARCH,2407962485,Aerith Gainsborough
1763643154334740: THREAD 33 READ LOCK ACQUIRED
1763643154334751: THREAD 33 READ LOCK RELEASED
1763643154334915: THREAD 34 UPDATE,2407962485,Aerith Gainsborough,76000
1763643154334933: THREAD 34 WRITE LOCK ACQUIRED
1763643154334986: THREAD 34 WRITE LOCK RELEASED
1763643154336259: THREAD 36 DELETE,1636918322,Satoshi Kon
1763643154336328: THREAD 36 WRITE LOCK ACQUIRED
1763643154336408: THREAD 37 SEARCH,1636918322,Satoshi Kon
1763643154336449: THREAD 38 INSERT,570842830,Nobuo Uematsu,88000
1763643154336498: THREAD 37 READ LOCK ACQUIRED
1763643154336513: THREAD 37 READ LOCK RELEASED
1763643154336763: THREAD 38 WRITE LOCK ACQUIRED
1763643154336782: THREAD 38 WRITE LOCK RELEASED
1763643154336807: THREAD 36 WRITE LOCK RELEASED
1763643154337115: THREAD 35 SEARCH,2407962485,Aerith Gainsborough
1763643154337137: THREAD 35 READ LOCK ACQUIRED
1763643154337147: THREAD 35 READ LOCK RELEASED
1763643154337569: THREAD 39 INSERT,1499823524,Koji Kondo,86000
1763643154337599: THREAD 39 WRITE LOCK ACQUIRED
1763643154337612: THREAD 39 WRITE LOCK RELEASED
1763643154331614: THREAD 32 PRINT
1763643154338044: THREAD 32 READ LOCK ACQUIRED
1763643154340509: THREAD 40 INSERT,3972258834,Yoko Shimomura,91000
1763643154340935: THREAD 32 READ LOCK RELEASED
1763643154341140: THREAD 40 WRITE LOCK ACQUIRED
1763643154341165: THREAD 40 WRITE LOCK RELEASED
1763643154342369: THREAD 41 PRINT
1763643154342431: THREAD 41 READ LOCK ACQUIRED
1763643154342530: THREAD 42 UPDATE,1088855094,Hidetaka Miyazaki,100000
1763643154342579: THREAD 43 UPDATE,1698859017,Hayao Miyazaki,110000
1763643154346454: THREAD 41 READ LOCK RELEASED
1763643154348112: THREAD 42 WRITE LOCK ACQUIRED
1763643154348242: THREAD 42 WRITE LOCK RELEASED
1763643154348397: THREAD 44 SEARCH,1088855094,Hidetaka Miyazaki
1763643154348410: THREAD 44 READ LOCK ACQUIRED
1763643154348420: THREAD 44 READ LOCK RELEASED
1763643154348480: THREAD 43 WRITE LOCK ACQUIRED
1763643154348510: THREAD 43 WRITE LOCK RELEASED
1763643154348746: THREAD 45 SEARCH,1698859017,Hayao Miyazaki
1763643154348767: THREAD 45 READ LOCK ACQUIRED
1763643154348776: THREAD 45 READ LOCK RELEASED
1763643154349816: THREAD 46 INSERT,2149605728,Mario,65000
1763643154349890: THREAD 46 WRITE LOCK ACQUIRED
1763643154349907: THREAD 46 WRITE LOCK RELEASED
1763643154350317: THREAD 47 INSERT,3075887164,Sonic,67000
1763643154350339: THREAD 47 WRITE LOCK ACQUIRED
1763643154350368: THREAD 47 WRITE LOCK RELEASED
1763643154350604: THREAD 48 DELETE,577223543,Tifa Lockhart
1763643154350638: THREAD 48 WRITE LOCK ACQUIRED
1763643154350669: THREAD 49 SEARCH,577223543,Tifa Lockhart
1763643154350719: THREAD 50 INSERT,2553899711,Lara Croft,77000
1763643154350760: THREAD 48 WRITE LOCK RELEASED
1763643154350817: THREAD 49 READ LOCK ACQUIRED
1763643154350833: THREAD 49 READ LOCK RELEASED
1763643154350896: THREAD 51 UPDATE,74577200,Master Chief,88000
1763643154350909: THREAD 51 WRITE LOCK ACQUIRED
1763643154350964: THREAD 51 WRITE LOCK RELEASED
1763643154351012: THREAD 52 SEARCH,74577200,Master Chief
1763643154351025: THREAD 52 READ LOCK ACQUIRED
1763643154351034: THREAD 52 READ LOCK RELEASED
1763643154351124: THREAD 53 PRINT
1763643154351137: THREAD 53 READ LOCK ACQUIRED
1763643154351485: THREAD 53 READ LOCK RELEASED
1763643154351529: THREAD 50 WRITE LOCK ACQUIRED
1763643154351542: THREAD 50 WRITE LOCK RELEASED
1763643154351719: THREAD 54 INSERT,2693621267,Kirby,62000
1763643154351782: THREAD 54 WRITE LOCK ACQUIRED
1763643154351795: THREAD 54 WRITE LOCK RELEASED
1763643154352114: THREAD 55 UPDATE,2984192943,Link,87000
1763643154352136: THREAD 55 WRITE LOCK ACQUIRED
1763643154352225: THREAD 56 DELETE,1944738683,Yuna
1763643154352259: THREAD 57 INSERT,1925106209,Geralt of Rivia,84000
1763643154352282: THREAD 58 SEARCH,3031909796,Nonexistent Character
1763643154352306: THREAD 59 UPDATE,1513496221,Missing Person,99999
1763643154352322: THREAD 60 PRINT
1763643154352347: THREAD 55 WRITE LOCK RELEASED
1763643154352367: THREAD 56 WRITE LOCK ACQUIRED
1763643154352399: THREAD 56 WRITE LOCK RELEASED
1763643154352417: THREAD 57 WRITE LOCK ACQUIRED
1763643154352432: THREAD 57 WRITE LOCK RELEASED
1763643154352472: THREAD 58 READ LOCK ACQUIRED
1763643154352488: THREAD 58 READ LOCK RELEASED
1763643154352503: THREAD 60 READ LOCK ACQUIRED
1763643154352882: THREAD 60 READ LOCK RELEASED
1763643154352902: THREAD 59 WRITE LOCK ACQUIRED
1763643154352912: THREAD 59 WRITE LOCK RELEASED
1763643154355549: THREAD 0 PRINT
1763643154355605: THREAD 0 READ LOCK ACQUIRED
1763643154357750: THREAD 0 READ LOCK RELEASED
