5 processes
Using First Come First Serve
Time   0 : P2 arrived
Time   0 : P2 selected (burst   9)
Time   7 : P1 arrived
Time   8 : P4 arrived
Time   9 : P3 arrived
Time   9 : P2 finished
Time   9 : P3 arrived
Time   9 : P3 selected (burst   3)
Time  11 : P5 arrived
Time  12 : P3 finished
Time  12 : Idle
Time  13 : Idle
Time  14 : Idle
Time  15 : Idle
Time  16 : Idle
Time  17 : Idle
Time  18 : Idle
Time  19 : Idle
Time  20 : Idle
Time  21 : Idle
Time  22 : Idle
Time  23 : Idle
Time  24 : Idle
Finished at time  25
P2 wait   0 turnaround  9 response   0
P1 did not finish
P4 did not finish
P3 wait   0 turnaround  3 response   0
P5 did not finish
